<?xml version="1.0" encoding="utf-8"?><testsuites name="pytest tests"><testsuite name="pytest" errors="0" failures="0" skipped="0" tests="40" time="37.000" timestamp="2026-01-30T00:35:39.959810+00:00" hostname="agent-env-2020f24b-1b8c-4fae-9060-8305df6648f8"><testcase classname="backend.tests.test_npc_api.TestHealthCheck" name="test_api_root" time="0.061" /><testcase classname="backend.tests.test_npc_api.TestNPCInit" name="test_init_vera_npc" time="0.059" /><testcase classname="backend.tests.test_npc_api.TestNPCInit" name="test_init_guard_npc" time="0.060" /><testcase classname="backend.tests.test_npc_api.TestNPCInit" name="test_init_merchant_npc" time="0.062" /><testcase classname="backend.tests.test_npc_api.TestNPCAction" name="test_action_returns_player_id" time="8.410" /><testcase classname="backend.tests.test_npc_api.TestNPCAction" name="test_action_returns_reputation" time="5.351" /><testcase classname="backend.tests.test_npc_api.TestNPCAction" name="test_action_returns_reputation_change" time="6.531" /><testcase classname="backend.tests.test_npc_api.TestNPCAction" name="test_action_returns_cognitive_frame" time="6.917" /><testcase classname="backend.tests.test_npc_api.TestNPCAction" name="test_action_with_nonexistent_npc" time="0.084" /><testcase classname="backend.tests.test_npc_api.TestPlayerInfo" name="test_get_player_info" time="7.080" /><testcase classname="backend.tests.test_npc_api.TestPlayerInfo" name="test_player_info_has_npc_reputations" time="0.072" /><testcase classname="backend.tests.test_npc_api.TestPlayerInfo" name="test_player_info_has_rumors" time="0.077" /><testcase classname="backend.tests.test_npc_api.TestPlayersList" name="test_get_all_players" time="0.064" /><testcase classname="backend.tests.test_npc_api.TestPlayersList" name="test_players_list_structure" time="0.063" /><testcase classname="backend.tests.test_npc_api.TestNPCRelationships" name="test_get_npc_relationships" time="0.061" /><testcase classname="backend.tests.test_npc_api.TestNPCList" name="test_get_npc_list" time="0.098" /><testcase classname="backend.tests.test_npc_api.TestNPCList" name="test_npc_list_structure" time="0.059" /><testcase classname="backend.tests.test_npc_api.TestNPCStatus" name="test_get_npc_status" time="0.127" /><testcase classname="backend.tests.test_npc_api.TestNPCStatus" name="test_status_nonexistent_npc" time="0.063" /><testcase classname="backend.tests.test_npc_api.TestQuestEndpoints" name="test_get_available_quests" time="0.062" /><testcase classname="backend.tests.test_npc_api.TestTerritoryEndpoints" name="test_get_territory_overview" time="0.062" /><testcase classname="backend.tests.test_npc_api.TestFactionsEndpoint" name="test_get_factions" time="0.061" /><testcase classname="backend.tests.test_phase4_civilization.TestFactions" name="test_get_all_factions" time="0.056" /><testcase classname="backend.tests.test_phase4_civilization.TestFactions" name="test_get_faction_details" time="0.056" /><testcase classname="backend.tests.test_phase4_civilization.TestFactionEvents" name="test_get_faction_events" time="0.065" /><testcase classname="backend.tests.test_phase4_civilization.TestFactionEvents" name="test_get_faction_events_with_limit" time="0.054" /><testcase classname="backend.tests.test_phase4_civilization.TestFactionEvents" name="test_trigger_faction_event" time="0.078" /><testcase classname="backend.tests.test_phase4_civilization.TestTerritoryControl" name="test_get_territory_control" time="0.060" /><testcase classname="backend.tests.test_phase4_civilization.TestTradeRoutes" name="test_get_trade_routes" time="0.060" /><testcase classname="backend.tests.test_phase4_civilization.TestTradeRoutes" name="test_establish_trade_route" time="0.064" /><testcase classname="backend.tests.test_phase4_civilization.TestTradeRoutes" name="test_execute_trade" time="0.113" /><testcase classname="backend.tests.test_phase4_civilization.TestTradeRoutes" name="test_disrupt_trade_route" time="0.137" /><testcase classname="backend.tests.test_phase4_civilization.TestBattles" name="test_get_battle_history" time="0.055" /><testcase classname="backend.tests.test_phase4_civilization.TestBattles" name="test_initiate_battle" time="0.148" /><testcase classname="backend.tests.test_phase4_civilization.TestBattles" name="test_resolve_battle" time="0.130" /><testcase classname="backend.tests.test_phase4_civilization.TestFactionRelations" name="test_get_faction_relation" time="0.055" /><testcase classname="backend.tests.test_phase4_civilization.TestNPCGoals" name="test_generate_npc_goal" time="0.122" /><testcase classname="backend.tests.test_phase4_civilization.TestNPCGoals" name="test_get_npc_goals" time="0.054" /><testcase classname="backend.tests.test_phase4_civilization.TestQuestChains" name="test_create_quest_chain" time="0.070" /><testcase classname="backend.tests.test_phase4_civilization.TestQuestChains" name="test_get_quest_chains" time="0.062" /></testsuite></testsuites>