<?xml version="1.0" encoding="utf-8"?><testsuites name="pytest tests"><testsuite name="pytest" errors="0" failures="0" skipped="0" tests="15" time="1.635" timestamp="2026-01-30T02:34:33.836958+00:00" hostname="agent-env-3d019466-9b66-467d-924d-1beac373d2e0"><testcase classname="backend.tests.test_auth_system.TestAuthRegistration" name="test_register_new_user_success" time="0.092" /><testcase classname="backend.tests.test_auth_system.TestAuthRegistration" name="test_register_without_email" time="0.066" /><testcase classname="backend.tests.test_auth_system.TestAuthRegistration" name="test_register_duplicate_username" time="0.154" /><testcase classname="backend.tests.test_auth_system.TestAuthLogin" name="test_login_success" time="0.154" /><testcase classname="backend.tests.test_auth_system.TestAuthLogin" name="test_login_invalid_password" time="0.160" /><testcase classname="backend.tests.test_auth_system.TestAuthLogin" name="test_login_nonexistent_user" time="0.111" /><testcase classname="backend.tests.test_auth_system.TestTokenVerification" name="test_verify_valid_token" time="0.105" /><testcase classname="backend.tests.test_auth_system.TestTokenVerification" name="test_verify_invalid_token" time="0.059" /><testcase classname="backend.tests.test_auth_system.TestTokenVerification" name="test_verify_no_token" time="0.049" /><testcase classname="backend.tests.test_auth_system.TestGetCurrentUser" name="test_get_me_authenticated" time="0.108" /><testcase classname="backend.tests.test_auth_system.TestGetCurrentUser" name="test_get_me_unauthenticated" time="0.055" /><testcase classname="backend.tests.test_auth_system.TestUnrealEngineAuth" name="test_unreal_connect_new_player" time="0.054" /><testcase classname="backend.tests.test_auth_system.TestUnrealEngineAuth" name="test_unreal_connect_existing_player" time="0.111" /><testcase classname="backend.tests.test_auth_system.TestUnrealEngineAuth" name="test_unreal_connect_with_password" time="0.061" /><testcase classname="backend.tests.test_auth_system.TestAuthIntegration" name="test_full_auth_flow" time="0.223" /></testsuite></testsuites>